rongIMKit/build/outputs/logs/manifest-merger-debug-report.txt
-- Merging decision tree log ---
manifest
ADDED from src\main\AndroidManifest.xml:2:1-113:12
INJECTED from src\main\AndroidManifest.xml:2:1-113:12
INJECTED from src\main\AndroidManifest.xml:2:1-113:12
	package
		ADDED from src\main\AndroidManifest.xml:3:5-28
		INJECTED from src\main\AndroidManifest.xml
		INJECTED from src\main\AndroidManifest.xml
	xmlns:android
		ADDED from src\main\AndroidManifest.xml:2:11-69
uses-permission#android.permission.READ_EXTERNAL_STORAGE
ADDED from src\main\AndroidManifest.xml:5:5-80
	android:name
		ADDED from src\main\AndroidManifest.xml:5:22-77
uses-permission#android.permission.ACCESS_NETWORK_STATE
ADDED from src\main\AndroidManifest.xml:6:5-79
	android:name
		ADDED from src\main\AndroidManifest.xml:6:22-76
uses-permission#android.permission.ACCESS_COARSE_LOCATION
ADDED from src\main\AndroidManifest.xml:7:5-81
	android:name
		ADDED from src\main\AndroidManifest.xml:7:22-78
uses-permission#android.permission.READ_PHONE_STATE
ADDED from src\main\AndroidManifest.xml:9:5-75
	android:name
		ADDED from src\main\AndroidManifest.xml:9:22-72
uses-permission#android.permission.RECORD_AUDIO
ADDED from src\main\AndroidManifest.xml:11:5-71
	android:name
		ADDED from src\main\AndroidManifest.xml:11:22-68
uses-permission#android.permission.CAMERA
ADDED from src\main\AndroidManifest.xml:12:5-65
	android:name
		ADDED from src\main\AndroidManifest.xml:12:22-62
uses-permission#android.permission.WRITE_SETTINGS
ADDED from src\main\AndroidManifest.xml:13:5-73
	android:name
		ADDED from src\main\AndroidManifest.xml:13:22-70
uses-permission#android.permission.MODIFY_AUDIO_SETTINGS
ADDED from src\main\AndroidManifest.xml:15:5-80
	android:name
		ADDED from src\main\AndroidManifest.xml:15:22-77
uses-permission#android.permission.VIBRATE
ADDED from src\main\AndroidManifest.xml:16:5-66
	android:name
		ADDED from src\main\AndroidManifest.xml:16:22-63
uses-permission#android.permission.ACCESS_FINE_LOCATION
ADDED from src\main\AndroidManifest.xml:17:5-79
	android:name
		ADDED from src\main\AndroidManifest.xml:17:22-76
uses-permission#android.permission.WRITE_EXTERNAL_STORAGE
ADDED from src\main\AndroidManifest.xml:20:5-81
	android:name
		ADDED from src\main\AndroidManifest.xml:20:22-78
uses-permission#android.permission.INTERNET
ADDED from src\main\AndroidManifest.xml:21:5-67
	android:name
		ADDED from src\main\AndroidManifest.xml:21:22-64
uses-permission#android.permission.ACCESS_WIFI_STATE
ADDED from src\main\AndroidManifest.xml:22:5-76
	android:name
		ADDED from src\main\AndroidManifest.xml:22:22-73
uses-permission#android.permission.GET_TASKS
ADDED from src\main\AndroidManifest.xml:23:5-68
	android:name
		ADDED from src\main\AndroidManifest.xml:23:22-65
uses-permission#android.permission.WAKE_LOCK
ADDED from src\main\AndroidManifest.xml:24:5-68
	android:name
		ADDED from src\main\AndroidManifest.xml:24:22-65
uses-permission#android.permission.RECEIVE_BOOT_COMPLETED
ADDED from src\main\AndroidManifest.xml:25:5-81
	android:name
		ADDED from src\main\AndroidManifest.xml:25:22-78
application
ADDED from src\main\AndroidManifest.xml:42:5-111:19
	android:allowBackup
		ADDED from src\main\AndroidManifest.xml:42:18-44
activity#io.rong.imkit.activity.PictureSelectorActivity
ADDED from src\main\AndroidManifest.xml:43:9-45:52
	android:screenOrientation
		ADDED from src\main\AndroidManifest.xml:45:13-49
	android:name
		ADDED from src\main\AndroidManifest.xml:44:13-61
activity#io.rong.imkit.activity.PicturePreviewActivity
ADDED from src\main\AndroidManifest.xml:47:9-49:52
	android:screenOrientation
		ADDED from src\main\AndroidManifest.xml:49:13-49
	android:name
		ADDED from src\main\AndroidManifest.xml:48:13-60
activity#io.rong.imkit.tools.RongWebviewActivity
ADDED from src\main\AndroidManifest.xml:51:9-53:52
	android:screenOrientation
		ADDED from src\main\AndroidManifest.xml:53:13-49
	android:name
		ADDED from src\main\AndroidManifest.xml:52:13-54
activity#io.rong.imkit.widget.provider.TakingPicturesActivity
ADDED from src\main\AndroidManifest.xml:55:9-58:52
	android:screenOrientation
		ADDED from src\main\AndroidManifest.xml:58:13-49
	android:configChanges
		ADDED from src\main\AndroidManifest.xml:57:13-63
	android:name
		ADDED from src\main\AndroidManifest.xml:56:13-67
service#io.rong.imlib.ipc.RongService
ADDED from src\main\AndroidManifest.xml:60:9-63:46
	android:process
		ADDED from src\main\AndroidManifest.xml:63:13-35
	android:exported
		ADDED from src\main\AndroidManifest.xml:62:13-37
	android:name
		ADDED from src\main\AndroidManifest.xml:61:13-57
service#io.rong.imlib.ReConnectService
ADDED from src\main\AndroidManifest.xml:65:9-66
	android:name
		ADDED from src\main\AndroidManifest.xml:65:18-63
receiver#io.rong.imlib.ConnectChangeReceiver
ADDED from src\main\AndroidManifest.xml:67:9-72
	android:name
		ADDED from src\main\AndroidManifest.xml:67:19-69
receiver#io.rong.imlib.HeartbeatReceiver
ADDED from src\main\AndroidManifest.xml:69:9-71:38
	android:process
		ADDED from src\main\AndroidManifest.xml:71:13-35
	android:name
		ADDED from src\main\AndroidManifest.xml:70:13-59
meta-data#RONG_CLOUD_APP_KEY
ADDED from src\main\AndroidManifest.xml:73:9-75:45
	android:value
		ADDED from src\main\AndroidManifest.xml:75:13-42
	android:name
		ADDED from src\main\AndroidManifest.xml:74:13-46
service#io.rong.push.core.PushRegistrationService
ADDED from src\main\AndroidManifest.xml:79:9-81:48
	android:exported
		ADDED from src\main\AndroidManifest.xml:81:13-37
	android:name
		ADDED from src\main\AndroidManifest.xml:80:13-69
service#io.rong.push.PushService
ADDED from src\main\AndroidManifest.xml:82:9-85:54
	android:process
		ADDED from src\main\AndroidManifest.xml:85:13-43
	android:exported
		ADDED from src\main\AndroidManifest.xml:84:13-37
	android:name
		ADDED from src\main\AndroidManifest.xml:83:13-52
service#io.rong.push.core.MessageHandleService
ADDED from src\main\AndroidManifest.xml:87:9-89:48
	android:exported
		ADDED from src\main\AndroidManifest.xml:89:13-37
	android:name
		ADDED from src\main\AndroidManifest.xml:88:13-66
receiver#io.rong.push.PushReceiver
ADDED from src\main\AndroidManifest.xml:91:9-108:20
	android:process
		ADDED from src\main\AndroidManifest.xml:93:13-43
	android:name
		ADDED from src\main\AndroidManifest.xml:92:13-53
intent-filter#action:name:io.rong.push.intent.action.HEART_BEAT
ADDED from src\main\AndroidManifest.xml:94:13-96:29
action#io.rong.push.intent.action.HEART_BEAT
ADDED from src\main\AndroidManifest.xml:95:17-80
	android:name
		ADDED from src\main\AndroidManifest.xml:95:25-77
intent-filter#action:name:android.net.conn.CONNECTIVITY_CHANGE
ADDED from src\main\AndroidManifest.xml:97:13-99:29
action#android.net.conn.CONNECTIVITY_CHANGE
ADDED from src\main\AndroidManifest.xml:98:17-79
	android:name
		ADDED from src\main\AndroidManifest.xml:98:25-76
intent-filter#action:name:android.intent.action.BOOT_COMPLETED
ADDED from src\main\AndroidManifest.xml:100:13-102:29
action#android.intent.action.BOOT_COMPLETED
ADDED from src\main\AndroidManifest.xml:101:17-79
	android:name
		ADDED from src\main\AndroidManifest.xml:101:25-76
intent-filter#action:name:android.intent.action.ACTION_POWER_CONNECTED+action:name:android.intent.action.ACTION_POWER_DISCONNECTED+action:name:android.intent.action.USER_PRESENT
ADDED from src\main\AndroidManifest.xml:103:13-107:29
action#android.intent.action.USER_PRESENT
ADDED from src\main\AndroidManifest.xml:104:17-77
	android:name
		ADDED from src\main\AndroidManifest.xml:104:25-74
action#android.intent.action.ACTION_POWER_CONNECTED
ADDED from src\main\AndroidManifest.xml:105:17-87
	android:name
		ADDED from src\main\AndroidManifest.xml:105:25-84
action#android.intent.action.ACTION_POWER_DISCONNECTED
ADDED from src\main\AndroidManifest.xml:106:17-90
	android:name
		ADDED from src\main\AndroidManifest.xml:106:25-87